<?xml version="1.0" encoding="UTF-8"?>
<!-- Generated by org.testng.reporters.JUnitReportReporter -->
<testsuite hostname="ashwin-HP-Notebook" failures="0" tests="9" name="com.upraised.springmvc.service.OpeningsServiceImplTest" time="0.008" errors="0" timestamp="20 Apr 2020 06:25:25 GMT">
  <testcase classname="com.upraised.springmvc.service.OpeningsServiceImplTest" name="deleteOpeningsByJobId" time="0.002"/>
  <testcase classname="com.upraised.springmvc.service.OpeningsServiceImplTest" name="findAllOpenings" time="0.000"/>
  <testcase classname="com.upraised.springmvc.service.OpeningsServiceImplTest" name="isOpeningsByJobIdUnique" time="0.001"/>
  <testcase classname="com.upraised.springmvc.service.OpeningsServiceImplTest" name="findOpeningsByJobId" time="0.001"/>
  <testcase classname="com.upraised.springmvc.service.OpeningsServiceImplTest" name="findOpeningsByCompany" time="0.001"/>
  <testcase classname="com.upraised.springmvc.service.OpeningsServiceImplTest" name="filterOpenings" time="0.000"/>
  <testcase classname="com.upraised.springmvc.service.OpeningsServiceImplTest" name="saveOpenings" time="0.001"/>
  <testcase classname="com.upraised.springmvc.service.OpeningsServiceImplTest" name="findById" time="0.001"/>
  <testcase classname="com.upraised.springmvc.service.OpeningsServiceImplTest" name="updateOpenings" time="0.001"/>
</testsuite> <!-- com.upraised.springmvc.service.OpeningsServiceImplTest -->
