<?xml version="1.0" encoding="UTF-8"?>
<!-- Generated by org.testng.reporters.JUnitReportReporter -->
<testsuite hostname="ashwin-HP-Notebook" failures="0" tests="22" name="com.upraised.springmvc.controller.AppControllerTest" time="0.095" errors="0" timestamp="19 Apr 2020 18:01:17 GMT">
  <testcase classname="com.upraised.springmvc.controller.AppControllerTest" name="saveOpeningsWithValidationErrorExistingCompany" time="0.001"/>
  <testcase classname="com.upraised.springmvc.controller.AppControllerTest" name="saveOpeningsWithValidationErrorInvalidSeniority" time="0.001"/>
  <testcase classname="com.upraised.springmvc.controller.AppControllerTest" name="saveOpeningsWithValidationError" time="0.000"/>
  <testcase classname="com.upraised.springmvc.controller.AppControllerTest" name="getOpeningsByFilterWithSuccess" time="0.002"/>
  <testcase classname="com.upraised.springmvc.controller.AppControllerTest" name="newCompany" time="0.001"/>
  <testcase classname="com.upraised.springmvc.controller.AppControllerTest" name="deleteOpening" time="0.025"/>
  <testcase classname="com.upraised.springmvc.controller.AppControllerTest" name="saveOpeningsWithValidationErrorNonUniqueJobId" time="0.001"/>
  <testcase classname="com.upraised.springmvc.controller.AppControllerTest" name="saveCompanyWithValidationError" time="0.001"/>
  <testcase classname="com.upraised.springmvc.controller.AppControllerTest" name="updateOpeningsWithValidationError" time="0.001"/>
  <testcase classname="com.upraised.springmvc.controller.AppControllerTest" name="listOpenings" time="0.001"/>
  <testcase classname="com.upraised.springmvc.controller.AppControllerTest" name="updateOpeningsWithValidationErrorNonUniqueJobId" time="0.001"/>
  <testcase classname="com.upraised.springmvc.controller.AppControllerTest" name="updateOpeningsWithSuccess" time="0.001"/>
  <testcase classname="com.upraised.springmvc.controller.AppControllerTest" name="updateOpeningsWithValidationErrorInvalidSeniority" time="0.001"/>
  <testcase classname="com.upraised.springmvc.controller.AppControllerTest" name="getCompanies" time="0.006"/>
  <testcase classname="com.upraised.springmvc.controller.AppControllerTest" name="saveCompanyWithValidationErrorNonCorrectEmployee" time="0.003"/>
  <testcase classname="com.upraised.springmvc.controller.AppControllerTest" name="newOpenings" time="0.001"/>
  <testcase classname="com.upraised.springmvc.controller.AppControllerTest" name="saveCompanyWithValidationErrorNonUniqueCompany" time="0.001"/>
  <testcase classname="com.upraised.springmvc.controller.AppControllerTest" name="editCompanyandTitle" time="0.041"/>
  <testcase classname="com.upraised.springmvc.controller.AppControllerTest" name="saveCompanyWithSuccess" time="0.001"/>
  <testcase classname="com.upraised.springmvc.controller.AppControllerTest" name="saveOpeningsWithSuccess" time="0.002"/>
  <testcase classname="com.upraised.springmvc.controller.AppControllerTest" name="getOpeningsByFilterWithValidationError" time="0.001"/>
  <testcase classname="com.upraised.springmvc.controller.AppControllerTest" name="getCompanyAndOpeningsByName" time="0.002"/>
</testsuite> <!-- com.upraised.springmvc.controller.AppControllerTest -->
