<?xml version="1.0" encoding="UTF-8"?>
<!-- Generated by org.testng.reporters.JUnitReportReporter -->
<testsuite hostname="ashwin-HP-Notebook" failures="0" tests="6" name="com.upraised.springmvc.dao.CompanyDaoImplTest" time="0.639" errors="0" timestamp="19 Apr 2020 09:56:50 GMT">
  <testcase classname="com.upraised.springmvc.dao.CompanyDaoImplTest" name="findCompanyByName" time="0.027"/>
  <testcase classname="com.upraised.springmvc.dao.CompanyDaoImplTest" name="deleteCompanyByName" time="0.394"/>
  <testcase classname="com.upraised.springmvc.dao.CompanyDaoImplTest" name="saveCompany" time="0.036"/>
  <testcase classname="com.upraised.springmvc.dao.CompanyDaoImplTest" name="findAllCompanies" time="0.028"/>
  <testcase classname="com.upraised.springmvc.dao.CompanyDaoImplTest" name="deleteCompanyByInvalidName" time="0.121"/>
  <testcase classname="com.upraised.springmvc.dao.CompanyDaoImplTest" name="findById" time="0.033"/>
</testsuite> <!-- com.upraised.springmvc.dao.CompanyDaoImplTest -->
