<?xml version="1.0" encoding="UTF-8"?>
<!-- Generated by org.testng.reporters.JUnitReportReporter -->
<testsuite hostname="ashwin-HP-Notebook" failures="0" tests="8" name="com.upraised.springmvc.service.CompanyServiceImplTest" time="0.010" errors="0" timestamp="19 Apr 2020 09:56:50 GMT">
  <testcase classname="com.upraised.springmvc.service.CompanyServiceImplTest" name="findById" time="0.001"/>
  <testcase classname="com.upraised.springmvc.service.CompanyServiceImplTest" name="isCompanyByNameUnique" time="0.001"/>
  <testcase classname="com.upraised.springmvc.service.CompanyServiceImplTest" name="saveCompany" time="0.001"/>
  <testcase classname="com.upraised.springmvc.service.CompanyServiceImplTest" name="findCompanyByName" time="0.000"/>
  <testcase classname="com.upraised.springmvc.service.CompanyServiceImplTest" name="findAllCompanies" time="0.001"/>
  <testcase classname="com.upraised.springmvc.service.CompanyServiceImplTest" name="listCompaniesByNameWithError" time="0.004"/>
  <testcase classname="com.upraised.springmvc.service.CompanyServiceImplTest" name="deleteCompanyByName" time="0.001"/>
  <testcase classname="com.upraised.springmvc.service.CompanyServiceImplTest" name="listCompaniesByName" time="0.001"/>
</testsuite> <!-- com.upraised.springmvc.service.CompanyServiceImplTest -->
