<?xml version="1.0" encoding="UTF-8"?>
<!-- Generated by org.testng.reporters.JUnitReportReporter -->
<testsuite hostname="ashwin-HP-Notebook" failures="0" tests="6" name="com.upraised.springmvc.dao.CompanyDaoImplTest" time="0.725" errors="0" timestamp="19 Apr 2020 18:01:17 GMT">
  <testcase classname="com.upraised.springmvc.dao.CompanyDaoImplTest" name="deleteCompanyByInvalidName" time="0.129"/>
  <testcase classname="com.upraised.springmvc.dao.CompanyDaoImplTest" name="findAllCompanies" time="0.021"/>
  <testcase classname="com.upraised.springmvc.dao.CompanyDaoImplTest" name="saveCompany" time="0.043"/>
  <testcase classname="com.upraised.springmvc.dao.CompanyDaoImplTest" name="findById" time="0.397"/>
  <testcase classname="com.upraised.springmvc.dao.CompanyDaoImplTest" name="deleteCompanyByName" time="0.099"/>
  <testcase classname="com.upraised.springmvc.dao.CompanyDaoImplTest" name="findCompanyByName" time="0.036"/>
</testsuite> <!-- com.upraised.springmvc.dao.CompanyDaoImplTest -->
