<?xml version="1.0" encoding="UTF-8"?>
<!-- Generated by org.testng.reporters.JUnitReportReporter -->
<testsuite hostname="ashwin-HP-Notebook" failures="0" tests="6" name="com.upraised.springmvc.dao.CompanyDaoImplTest" time="0.655" errors="0" timestamp="20 Apr 2020 06:25:25 GMT">
  <testcase classname="com.upraised.springmvc.dao.CompanyDaoImplTest" name="deleteCompanyByInvalidName" time="0.131"/>
  <testcase classname="com.upraised.springmvc.dao.CompanyDaoImplTest" name="findAllCompanies" time="0.032"/>
  <testcase classname="com.upraised.springmvc.dao.CompanyDaoImplTest" name="saveCompany" time="0.043"/>
  <testcase classname="com.upraised.springmvc.dao.CompanyDaoImplTest" name="findById" time="0.328"/>
  <testcase classname="com.upraised.springmvc.dao.CompanyDaoImplTest" name="deleteCompanyByName" time="0.081"/>
  <testcase classname="com.upraised.springmvc.dao.CompanyDaoImplTest" name="findCompanyByName" time="0.040"/>
</testsuite> <!-- com.upraised.springmvc.dao.CompanyDaoImplTest -->
